<?xml version="1.0" encoding="UTF-8"?>
<coverage generated="1641341482395" clover="3.2.0">
  <project timestamp="1641341482395" name="All files">
    <metrics statements="7" coveredstatements="7" conditionals="3" coveredconditionals="3" methods="2" coveredmethods="2" elements="12" coveredelements="12" complexity="0" loc="7" ncloc="7" packages="1" files="1" classes="1"/>
    <file name="index.ts" path="/home/wero/dev/Typescript-skeleton/src/index.ts">
      <metrics statements="7" coveredstatements="7" conditionals="3" coveredconditionals="3" methods="2" coveredmethods="2"/>
      <line num="1" count="1" type="cond" truecount="2" falsecount="0"/>
      <line num="2" count="1" type="stmt"/>
      <line num="3" count="3" type="cond" truecount="1" falsecount="0"/>
      <line num="4" count="3" type="stmt"/>
      <line num="5" count="3" type="stmt"/>
      <line num="6" count="3" type="stmt"/>
      <line num="7" count="3" type="stmt"/>
    </file>
  </project>
</coverage>
